2024-07-09 13:27:06 - [clear] room:'In station' task:'Water' last_status:'Start'
2024-07-09 13:27:06 - [clear] room:'In station' task:'Water' last_status:'Start'
2024-07-09 13:27:06 - [clear] room:'In station' task:'Water' last_status:'Start'
2024-07-09 13:27:07 - [clear] room:'In station' task:'Water' last_status:'Start'
2024-07-09 13:31:51 - [clear] room:'In station' task:'Water' last_status:'Ready'
2024-07-09 13:31:52 - [clear] room:'In station' task:'Water' last_status:'Ready'
2024-07-09 13:31:53 - [clear] room:'In station' task:'Water' last_status:'Ready'
2024-07-09 13:31:53 - [clear] room:'In station' task:'Water' last_status:'Ready'
2024-07-09 13:31:53 - [clear] room:'In station' task:'Water' last_status:'Ready'
2024-07-09 13:31:54 - [clear] room:'In station' task:'Water' last_status:'Ready'
2024-07-09 13:52:41 - [clear] room:'Room 2' task:'Lab visit' last_status:'Help'
2024-07-09 13:52:54 - [clear] room:'Room 3' task:'Check/Monitor' last_status:'Ready'
2024-07-09 13:56:28 - [clear] room:'Room 5' task:'Supplies request' last_status:'Completed'
2024-07-09 13:56:40 - [clear] room:'Room 3' task:'Check/Monitor' last_status:'Completed'
2024-07-09 14:03:24 - [clear] room:'Room 3' task:'Supplies request' last_status:'Ready'
2024-07-09 14:07:14 - [clear] room:'In station' task:'Water' last_status:'Start'
2024-07-09 21:24:47 - [clear] room:'In station' task:'Water' last_status:'Start'
2024-07-09 21:24:49 - [clear] room:'Room 2' task:'Lab visit' last_status:'Completed'
2024-07-10 00:28:38 - [clear] room:'In station' task:'Water' last_status:'Ready'
2024-07-11 01:43:02 - [clear] room:'In station' task:'Water' last_status:'Ready'
2024-07-11 04:23:40 - [go] room:'Room 2' task:'Medication' last_status:'Ready'
2024-07-11 04:23:57 - [clear] room:'Room 2' task:'Medication' last_status:'Help'
2024-07-11 04:24:01 - [clear] room:'Room #' task:'Task #' last_status:'Ready'
2024-07-11 04:24:29 - [msg-send] message:'asdfasdf'
2024-07-11 04:24:37 - [openlink] openlink:'Enter Service Room'
2024-07-11 04:31:05 - [openlink] openlink:'sadfasdfaasfdasdf'
2024-07-11 04:31:09 - [openlink] openlink:'sadfasdfaasfdasdf'
2024-07-11 04:31:20 - [openlink] openlink:'http://localhost'
2024-07-11 04:31:28 - [openlink] openlink:'http://localhost'
2024-07-11 04:33:51 - [disconnect] Succeed
2024-07-11 04:51:15 - [disconnect] Succeed
2024-07-11 04:51:21 - [go] room:'Room 1' task:'Patient request' last_status:'Ready'
2024-07-11 04:51:23 - [connect] Succeed
2024-07-11 04:51:23 - Reply: connection established
2024-07-11 04:51:25 - [go] room:'Room 1' task:'Patient request' last_status:'Ready'
2024-07-11 04:51:25 - Reply: received [[GO]Room 1#Patient request#0]
2024-07-11 04:51:27 - Start#0
2024-07-11 04:51:28 - Completed#0
2024-07-11 04:51:29 - Ready#0
2024-07-11 04:51:30 - Start#0
2024-07-11 04:51:35 - [go] room:'Room 3' task:'Patient request' last_status:'Ready'
2024-07-11 04:51:35 - Reply: received [[GO]Room 3#Patient request#1]
2024-07-11 04:51:45 - http://localhost
2024-07-11 04:51:46 - [openlink] openlink:'http://localhost'
2024-07-11 04:51:56 - [msg-send] message:'qsadfsadf'
2024-07-11 04:51:56 - Reply: received [qsadfsadf]
2024-07-11 07:34:55 - [disconnect] Succeed
